<?xml version="1.0" encoding="UTF-8"?>
<!-- Generated by org.testng.reporters.JUnitReportReporter -->
<testsuite hostname="DESKTOP-KBKM518" failures="0" tests="1" name="Testcasses.Verify_brokenlink" time="14.564" errors="0" timestamp="2022-11-25T14:37:42 IST" skipped="0">
  <testcase classname="Testcasses.Verify_brokenlink" name="brokenlinks" time="14.564"/>
  <system-out/>
</testsuite> <!-- Testcasses.Verify_brokenlink -->
