<?xml version="1.0" encoding="UTF-8"?>
<!-- Generated by org.testng.reporters.JUnitReportReporter -->
<testsuite hostname="DESKTOP-KBKM518" failures="0" tests="1" name="Testcasses.verifyproductprice" time="24.609" errors="0" timestamp="2022-11-25T14:37:42 IST" skipped="0">
  <testcase classname="Testcasses.verifyproductprice" name="price" time="24.609"/>
  <system-out/>
</testsuite> <!-- Testcasses.verifyproductprice -->
