<?xml version="1.0" encoding="UTF-8"?>
<!-- Generated by org.testng.reporters.JUnitReportReporter -->
<testsuite hostname="DESKTOP-KBKM518" failures="0" tests="1" name="Testcasses.verifylogin" time="23.716" errors="0" timestamp="2022-11-25T14:37:42 IST" skipped="0">
  <testcase classname="Testcasses.verifylogin" name="login" time="23.716"/>
  <system-out/>
</testsuite> <!-- Testcasses.verifylogin -->
